<?xml version="1.0" encoding="UTF-8" ?>
<testsuite tests="26" failures="0" name="com.whtr.bdd.gateway.funtion.features.com.whtr.bdd.gateway.funtion.resources.RunAllTest" time="0.257" errors="0" skipped="21">
  <properties>
    <property name="idea.version" value="2017.1"/>
    <property name="java.runtime.name" value="Java(TM) SE Runtime Environment"/>
    <property name="sun.boot.library.path" value="C:\Program Files\Java\jdk1.8.0_111\jre\bin"/>
    <property name="java.vm.version" value="25.111-b14"/>
    <property name="java.vm.vendor" value="Oracle Corporation"/>
    <property name="maven.multiModuleProjectDirectory" value="E:\java\homework\homework\cucumber_first"/>
    <property name="java.vendor.url" value="http://java.oracle.com/"/>
    <property name="path.separator" value=";"/>
    <property name="guice.disable.misplaced.annotation.check" value="true"/>
    <property name="java.vm.name" value="Java HotSpot(TM) 64-Bit Server VM"/>
    <property name="file.encoding.pkg" value="sun.io"/>
    <property name="user.script" value=""/>
    <property name="user.country" value="CN"/>
    <property name="sun.java.launcher" value="SUN_STANDARD"/>
    <property name="sun.os.patch.level" value="Service Pack 1"/>
    <property name="java.vm.specification.name" value="Java Virtual Machine Specification"/>
    <property name="user.dir" value="E:\java\homework\homework\cucumber_first"/>
    <property name="java.runtime.version" value="1.8.0_111-b14"/>
    <property name="java.awt.graphicsenv" value="sun.awt.Win32GraphicsEnvironment"/>
    <property name="java.endorsed.dirs" value="C:\Program Files\Java\jdk1.8.0_111\jre\lib\endorsed"/>
    <property name="os.arch" value="amd64"/>
    <property name="java.io.tmpdir" value="C:\Users\yz\AppData\Local\Temp\"/>
    <property name="line.separator" value="
"/>
    <property name="java.vm.specification.vendor" value="Oracle Corporation"/>
    <property name="user.variant" value=""/>
    <property name="os.name" value="Windows 7"/>
    <property name="classworlds.conf" value="D:\java\maven\apache-maven-3.3.9\bin\m2.conf"/>
    <property name="sun.jnu.encoding" value="GBK"/>
    <property name="java.library.path" value="C:\Program Files\Java\jdk1.8.0_111\bin;C:\Windows\Sun\Java\bin;C:\Windows\system32;C:\Windows;C:\ProgramData\Oracle\Java\javapath;C:\Windows\system32;C:\Windows;C:\Windows\System32\Wbem;C:\Windows\System32\WindowsPowerShell\v1.0\;C:\Program Files\Intel\WiFi\bin\;C:\Program Files\Common Files\Intel\WirelessCommon\;C:\Program Files (x86)\NVIDIA Corporation\PhysX\Common;D:\java\maven\apache-maven-3.3.9\bin;C:\Program Files\Java\jdk1.8.0_111\bin;C:\Program Files\Java\jdk1.8.0_111\jre\bin:;d:\Program Files\Git\cmd;C:\Program Files\MySQL\MySQL Server 5.7\bin;C:\Program Files\TortoiseGit\bin;C:\Program Files\Intel\WiFi\bin\;C:\Program Files\Common Files\Intel\WirelessCommon\;."/>
    <property name="java.specification.name" value="Java Platform API Specification"/>
    <property name="java.class.version" value="52.0"/>
    <property name="sun.management.compiler" value="HotSpot 64-Bit Tiered Compilers"/>
    <property name="os.version" value="6.1"/>
    <property name="user.home" value="C:\Users\yz"/>
    <property name="user.timezone" value="Asia/Shanghai"/>
    <property name="java.awt.printerjob" value="sun.awt.windows.WPrinterJob"/>
    <property name="java.specification.version" value="1.8"/>
    <property name="file.encoding" value="UTF-8"/>
    <property name="user.name" value="yz"/>
    <property name="java.class.path" value="D:\java\maven\apache-maven-3.3.9\boot\plexus-classworlds-2.5.2.jar;C:\Program Files (x86)\JetBrains\IntelliJ IDEA 2017.1\lib\idea_rt.jar"/>
    <property name="java.vm.specification.version" value="1.8"/>
    <property name="sun.arch.data.model" value="64"/>
    <property name="java.home" value="C:\Program Files\Java\jdk1.8.0_111\jre"/>
    <property name="sun.java.command" value="org.codehaus.classworlds.Launcher -Didea.version=2017.1 test"/>
    <property name="java.specification.vendor" value="Oracle Corporation"/>
    <property name="user.language" value="zh"/>
    <property name="awt.toolkit" value="sun.awt.windows.WToolkit"/>
    <property name="java.vm.info" value="mixed mode"/>
    <property name="java.version" value="1.8.0_111"/>
    <property name="java.ext.dirs" value="C:\Program Files\Java\jdk1.8.0_111\jre\lib\ext;C:\Windows\Sun\Java\lib\ext"/>
    <property name="sun.boot.class.path" value="C:\Program Files\Java\jdk1.8.0_111\jre\lib\resources.jar;C:\Program Files\Java\jdk1.8.0_111\jre\lib\rt.jar;C:\Program Files\Java\jdk1.8.0_111\jre\lib\sunrsasign.jar;C:\Program Files\Java\jdk1.8.0_111\jre\lib\jsse.jar;C:\Program Files\Java\jdk1.8.0_111\jre\lib\jce.jar;C:\Program Files\Java\jdk1.8.0_111\jre\lib\charsets.jar;C:\Program Files\Java\jdk1.8.0_111\jre\lib\jfr.jar;C:\Program Files\Java\jdk1.8.0_111\jre\classes"/>
    <property name="java.vendor" value="Oracle Corporation"/>
    <property name="maven.home" value="D:\java\maven\apache-maven-3.3.9"/>
    <property name="file.separator" value="\"/>
    <property name="java.vendor.url.bug" value="http://bugreport.sun.com/bugreport/"/>
    <property name="sun.cpu.endian" value="little"/>
    <property name="sun.io.unicode.encoding" value="UnicodeLittle"/>
    <property name="sun.desktop" value="windows"/>
    <property name="sun.cpu.isalist" value="amd64"/>
  </properties>
  <testcase classname="Scenario: 作为一个已注册的用户,输入正确的账号和密码能正常登录" name="Given 存在用户账号为 13800138000 ，密码为 12345678" time="0.046">
    <skipped/>
  </testcase>
  <testcase classname="Scenario: 作为一个已注册的用户,输入正确的账号和密码能正常登录" name="When 用账号 13800138000 ，密码 12345678 登录" time="0.046">
    <skipped/>
  </testcase>
  <testcase classname="Scenario: 作为一个已注册的用户,输入正确的账号和密码能正常登录" name="Then 返回结果为 登录成功" time="0.046">
    <skipped/>
  </testcase>
  <testcase classname="Scenario: 作为一个已注册的用户,输入正确的账号和密码能正常登录" name="Scenario: 作为一个已注册的用户,输入正确的账号和密码能正常登录" time="0.046">
    <skipped/>
  </testcase>
  <testcase classname="Scenario: 作为一个已注册的用户,输入正确的账号和密码能正常登录" name="Scenario: 作为一个已注册的用户,输入正确的账号和密码能正常登录" time="0.046"/>
  <testcase classname="Scenario: 3 green cukes" name="Given I have 3 green cukes" time="0">
    <skipped/>
  </testcase>
  <testcase classname="Scenario: 3 green cukes" name="When I add a table" time="0">
    <skipped/>
  </testcase>
  <testcase classname="Scenario: 3 green cukes" name="Then I should have 3 green cukes" time="0">
    <skipped/>
  </testcase>
  <testcase classname="Scenario: 3 green cukes" name="And I should have 0 yellow cukes" time="0.001">
    <skipped/>
  </testcase>
  <testcase classname="Scenario: 3 green cukes" name="Scenario: 3 green cukes" time="0.001">
    <skipped/>
  </testcase>
  <testcase classname="Scenario: 3 green cukes" name="Scenario: 3 green cukes" time="0.001"/>
  <testcase classname="Scenario: 4 green cukes" name="Given I have 4 green cukes" time="0">
    <skipped/>
  </testcase>
  <testcase classname="Scenario: 4 green cukes" name="When I add a table" time="0">
    <skipped/>
  </testcase>
  <testcase classname="Scenario: 4 green cukes" name="Then I should have 4 green cukes" time="0">
    <skipped/>
  </testcase>
  <testcase classname="Scenario: 4 green cukes" name="Scenario: 4 green cukes" time="0">
    <skipped/>
  </testcase>
  <testcase classname="Scenario: 4 green cukes" name="Scenario: 4 green cukes" time="0"/>
  <testcase classname="Scenario: 3 green and 4 yellow cukes" name="Given I have 3 green cukes" time="0.002">
    <skipped/>
  </testcase>
  <testcase classname="Scenario: 3 green and 4 yellow cukes" name="And I have 4 yellow cukes" time="0.002">
    <skipped/>
  </testcase>
  <testcase classname="Scenario: 3 green and 4 yellow cukes" name="Then I should have 3 green cukes" time="0.005">
    <skipped/>
  </testcase>
  <testcase classname="Scenario: 3 green and 4 yellow cukes" name="And I should have 4 yellow cukes" time="0.005">
    <skipped/>
  </testcase>
  <testcase classname="Scenario: 3 green and 4 yellow cukes" name="Scenario: 3 green and 4 yellow cukes" time="0.005">
    <skipped/>
  </testcase>
  <testcase classname="Scenario: 3 green and 4 yellow cukes" name="Scenario: 3 green and 4 yellow cukes" time="0.005"/>
  <testcase classname="Scenario: 99 green cukes" name="Given I have 99 green cukes" time="0">
    <skipped/>
  </testcase>
  <testcase classname="Scenario: 99 green cukes" name="Then I should have 99 green cukes" time="0">
    <skipped/>
  </testcase>
  <testcase classname="Scenario: 99 green cukes" name="Scenario: 99 green cukes" time="0">
    <skipped/>
  </testcase>
  <testcase classname="Scenario: 99 green cukes" name="Scenario: 99 green cukes" time="0"/>
</testsuite>